Start testing: Aug 27 09:58 EEST
----------------------------------------------------------
1/1 Testing: test1
1/1 Test: test1
Command: "/home/dimontik/nameScore/test/Test"
Directory: /home/dimontik/nameScore/test
"test1" start time: Aug 27 09:58 EEST
Output:
----------------------------------------------------------
Running 1 test case...

[1;32;49m*** No errors detected
[0;39;49m
<end of output>
Test time =   0.11 sec
----------------------------------------------------------
Test Passed.
"test1" end time: Aug 27 09:58 EEST
"test1" time elapsed: 00:00:00
----------------------------------------------------------

End testing: Aug 27 09:58 EEST
